<?xml version="1.0" encoding="UTF-8"?>
<testng-results ignored="0" total="1" passed="1" failed="0" skipped="0">
  <reporter-output>
  </reporter-output>
  <suite started-at="2024-03-28T15:17:01 AEDT" name="Default suite" finished-at="2024-03-28T15:17:03 AEDT" duration-ms="2482">
    <groups>
    </groups>
    <test started-at="2024-03-28T15:17:01 AEDT" name="Default test" finished-at="2024-03-28T15:17:03 AEDT" duration-ms="2482">
      <class name="com.web.erp.testcases.HomePageTest">
        <test-method is-config="true" signature="setUp()[pri:0, instance:com.web.erp.testcases.HomePageTest@1aafa419]" started-at="2024-03-28T15:17:01 AEDT" name="setUp" finished-at="2024-03-28T15:17:03 AEDT" duration-ms="2081" status="PASS">
          <reporter-output>
          </reporter-output>
        </test-method> <!-- setUp -->
        <test-method signature="clickOnReceivablesLinkTest()[pri:1, instance:com.web.erp.testcases.HomePageTest@1aafa419]" started-at="2024-03-28T15:17:03 AEDT" name="clickOnReceivablesLinkTest" finished-at="2024-03-28T15:17:03 AEDT" duration-ms="271" status="PASS">
          <reporter-output>
          </reporter-output>
        </test-method> <!-- clickOnReceivablesLinkTest -->
        <test-method is-config="true" signature="tearDown()[pri:0, instance:com.web.erp.testcases.HomePageTest@1aafa419]" started-at="2024-03-28T15:17:03 AEDT" name="tearDown" finished-at="2024-03-28T15:17:03 AEDT" duration-ms="90" status="PASS">
          <reporter-output>
          </reporter-output>
        </test-method> <!-- tearDown -->
      </class> <!-- com.web.erp.testcases.HomePageTest -->
    </test> <!-- Default test -->
  </suite> <!-- Default suite -->
</testng-results>
