<?xml version="1.0" encoding="UTF-8"?>
<testng-results ignored="0" total="1" passed="1" failed="0" skipped="0">
  <reporter-output>
  </reporter-output>
  <suite started-at="2024-03-11T16:51:03 AEDT" name="Default suite" finished-at="2024-03-11T16:51:16 AEDT" duration-ms="12964">
    <groups>
    </groups>
    <test started-at="2024-03-11T16:51:03 AEDT" name="Default test" finished-at="2024-03-11T16:51:16 AEDT" duration-ms="12964">
      <class name="tests.FirstKatalonTestScript">
        <test-method is-config="true" signature="setUp()[pri:0, instance:tests.FirstKatalonTestScript@76505305]" started-at="2024-03-11T16:51:03 AEDT" name="setUp" finished-at="2024-03-11T16:51:04 AEDT" duration-ms="1328" status="PASS">
          <reporter-output>
          </reporter-output>
        </test-method> <!-- setUp -->
        <test-method signature="testFirstKatalonTestScript()[pri:0, instance:tests.FirstKatalonTestScript@76505305]" started-at="2024-03-11T16:51:04 AEDT" name="testFirstKatalonTestScript" finished-at="2024-03-11T16:51:16 AEDT" duration-ms="11391" status="PASS">
          <reporter-output>
          </reporter-output>
        </test-method> <!-- testFirstKatalonTestScript -->
        <test-method is-config="true" signature="tearDown()[pri:0, instance:tests.FirstKatalonTestScript@76505305]" started-at="2024-03-11T16:51:16 AEDT" name="tearDown" finished-at="2024-03-11T16:51:16 AEDT" duration-ms="199" status="PASS">
          <reporter-output>
          </reporter-output>
        </test-method> <!-- tearDown -->
      </class> <!-- tests.FirstKatalonTestScript -->
    </test> <!-- Default test -->
  </suite> <!-- Default suite -->
</testng-results>
