<?xml version="1.0" encoding="UTF-8"?>
<testng-results ignored="0" total="1" passed="1" failed="0" skipped="0">
  <reporter-output>
  </reporter-output>
  <suite started-at="2024-03-08T13:58:32 AEDT" name="Default suite" finished-at="2024-03-08T13:58:43 AEDT" duration-ms="10915">
    <groups>
    </groups>
    <test started-at="2024-03-08T13:58:32 AEDT" name="Default test" finished-at="2024-03-08T13:58:43 AEDT" duration-ms="10915">
      <class name="tests.SharedUIMapTest">
        <test-method is-config="true" signature="setUp()[pri:0, instance:tests.SharedUIMapTest@76505305]" started-at="2024-03-08T13:58:32 AEDT" name="setUp" finished-at="2024-03-08T13:58:34 AEDT" duration-ms="1329" status="PASS">
          <reporter-output>
          </reporter-output>
        </test-method> <!-- setUp -->
        <test-method signature="testSharedUIMap()[pri:0, instance:tests.SharedUIMapTest@76505305]" started-at="2024-03-08T13:58:34 AEDT" name="testSharedUIMap" finished-at="2024-03-08T13:58:43 AEDT" duration-ms="9346" status="PASS">
          <reporter-output>
          </reporter-output>
        </test-method> <!-- testSharedUIMap -->
        <test-method is-config="true" signature="tearDown()[pri:0, instance:tests.SharedUIMapTest@76505305]" started-at="2024-03-08T13:58:43 AEDT" name="tearDown" finished-at="2024-03-08T13:58:43 AEDT" duration-ms="196" status="PASS">
          <reporter-output>
          </reporter-output>
        </test-method> <!-- tearDown -->
      </class> <!-- tests.SharedUIMapTest -->
    </test> <!-- Default test -->
  </suite> <!-- Default suite -->
</testng-results>
