<?xml version="1.0" encoding="UTF-8"?>
<testng-results total="1" passed="1" failed="0" skipped="0">
  <reporter-output>
  </reporter-output>
  <suite started-at="2024-03-08T02:38:59Z" name="Default suite" finished-at="2024-03-08T02:39:10Z" duration-ms="10891">
    <groups>
    </groups>
    <test started-at="2024-03-08T02:38:59Z" name="Default test" finished-at="2024-03-08T02:39:10Z" duration-ms="10891">
      <class name="tests.VerificationPointTest">
        <test-method is-config="true" signature="setUp()[pri:0, instance:tests.VerificationPointTest@1972e513]" started-at="2024-03-08T13:38:59Z" name="setUp" finished-at="2024-03-08T13:39:00Z" duration-ms="1160" status="PASS">
          <reporter-output>
          </reporter-output>
        </test-method> <!-- setUp -->
        <test-method signature="testFirstKatalonTestScript()[pri:0, instance:tests.VerificationPointTest@1972e513]" started-at="2024-03-08T13:39:00Z" name="testFirstKatalonTestScript" finished-at="2024-03-08T13:39:09Z" duration-ms="9548" status="PASS">
          <reporter-output>
          </reporter-output>
        </test-method> <!-- testFirstKatalonTestScript -->
        <test-method is-config="true" signature="tearDown()[pri:0, instance:tests.VerificationPointTest@1972e513]" started-at="2024-03-08T13:39:09Z" name="tearDown" finished-at="2024-03-08T13:39:10Z" duration-ms="172" status="PASS">
          <reporter-output>
          </reporter-output>
        </test-method> <!-- tearDown -->
      </class> <!-- tests.VerificationPointTest -->
    </test> <!-- Default test -->
  </suite> <!-- Default suite -->
</testng-results>
